13:38:30 | INFO | ComparingAGivenBookWithTheFirstPageInAmazon:28 | Creating web driver configuration...
13:38:30 | INFO | ComparingAGivenBookWithTheFirstPageInAmazon:28 | Open browser...
13:38:30 | INFO | WebDriverThreadLocalContainer:138        | No webdriver is bound to current thread: 1 - let's create a new webdriver
13:38:30 | INFO | FileHelper:56                            | Creating folder: /Users/max_horokhov/Desktop/Projects/Archive/build/downloads/1692009510278_21570_1
13:38:31 | INFO | WebDriverFactory:135                     | BrowserName=chrome Version=115.0.5790.170 Platform=MAC
13:38:31 | INFO | WebDriverFactory:78                      | Selenide v. 5.19.0
13:38:31 | INFO | WebDriverFactory:129                     | Selenium WebDriver v. 3.141.59 build time: 2018-11-14T08:17:03
13:38:31 | INFO | CreateDriverCommand:70                   | Create webdriver in current thread 1: ChromeDriver -> ChromeDriver: chrome on MAC (ec25d7d874fb915911b9e8074f77aa45)
13:38:32 | INFO | TestListener:18                          | STARTED test: bookInTheListVerification
13:38:32 | INFO | SelenideTools:52                         | Opening url 'https://www.amazon.com/'
13:38:33 | INFO | AmazonHomePage:28                        | Choose filter option --> Books, element --> By.xpath: //select[@id='searchDropdownBox']
13:38:33 | INFO | AmazonHomePage:28                        | Search for item 'Java
13:38:33 | INFO | AmazonHomePage:28                        | Search for item, element --> By.id: nav-search-submit-button
13:38:36 | INFO | AmazonBookList:28                        | Check every product stats, elements --> By.xpath: (//a[@class='a-link-normal s-no-outline'])[1]
13:38:36 | INFO | AmazonBookList:28                        | Check every product stats, element --> By.xpath: (//a[@class='a-link-normal s-no-outline'])[1]
13:38:40 | INFO | AmazonBookPage:28                        | Get book info, element --> By.xpath: //h1[@id='title'] | //span[@id='productTitle']
13:38:40 | INFO | AmazonBookPage:28                        | Get book info, element --> By.xpath: //div[@id='bylineInfo']
13:38:40 | INFO | AmazonBookPage:28                        | Get book info, element --> By.xpath: //span[@class='a-size-base a-color-secondary' or @class='a-size-base a-color-price a-color-price']
13:38:40 | INFO | AmazonBookPage:28                        | Get book info, element --> By.xpath: //div[@id='centerCol' or @class='a-fixed-right-grid-col a-col-left']
13:38:41 | INFO | AmazonBookList:28                        | Check every product stats, elements --> By.xpath: (//a[@class='a-link-normal s-no-outline'])[2]
13:38:41 | INFO | AmazonBookList:28                        | Check every product stats, element --> By.xpath: (//a[@class='a-link-normal s-no-outline'])[2]
13:38:44 | INFO | AmazonBookPage:28                        | Get book info, element --> By.xpath: //h1[@id='title'] | //span[@id='productTitle']
13:38:44 | INFO | AmazonBookPage:28                        | Get book info, element --> By.xpath: //div[@id='bylineInfo']
13:38:44 | INFO | AmazonBookPage:28                        | Get book info, element --> By.xpath: //span[@class='a-size-base a-color-secondary' or @class='a-size-base a-color-price a-color-price']
13:38:44 | INFO | AmazonBookPage:28                        | Get book info, element --> By.xpath: //div[@id='centerCol' or @class='a-fixed-right-grid-col a-col-left']
13:38:45 | INFO | AmazonBookList:28                        | Check every product stats, elements --> By.xpath: (//a[@class='a-link-normal s-no-outline'])[3]
13:38:45 | INFO | AmazonBookList:28                        | Check every product stats, element --> By.xpath: (//a[@class='a-link-normal s-no-outline'])[3]
13:38:48 | INFO | AmazonBookPage:28                        | Get book info, element --> By.xpath: //h1[@id='title'] | //span[@id='productTitle']
13:38:48 | INFO | AmazonBookPage:28                        | Get book info, element --> By.xpath: //div[@id='bylineInfo']
13:38:48 | INFO | AmazonBookPage:28                        | Get book info, element --> By.xpath: //span[@class='a-size-base a-color-secondary' or @class='a-size-base a-color-price a-color-price']
13:38:48 | INFO | AmazonBookPage:28                        | Get book info, element --> By.xpath: //div[@id='centerCol' or @class='a-fixed-right-grid-col a-col-left']
13:38:49 | INFO | AmazonBookList:28                        | Check every product stats, elements --> By.xpath: (//a[@class='a-link-normal s-no-outline'])[4]
13:38:49 | INFO | AmazonBookList:28                        | Check every product stats, element --> By.xpath: (//a[@class='a-link-normal s-no-outline'])[4]
13:38:52 | INFO | AmazonBookPage:28                        | Get book info, element --> By.xpath: //h1[@id='title'] | //span[@id='productTitle']
13:38:52 | INFO | AmazonBookPage:28                        | Get book info, element --> By.xpath: //div[@id='bylineInfo']
13:38:52 | INFO | AmazonBookPage:28                        | Get book info, element --> By.xpath: //span[@class='a-size-base a-color-secondary' or @class='a-size-base a-color-price a-color-price']
13:38:52 | INFO | AmazonBookPage:28                        | Get book info, element --> By.xpath: //div[@id='centerCol' or @class='a-fixed-right-grid-col a-col-left']
13:38:52 | INFO | AmazonBookList:28                        | Check every product stats, elements --> By.xpath: (//a[@class='a-link-normal s-no-outline'])[5]
13:38:52 | INFO | AmazonBookList:28                        | Check every product stats, element --> By.xpath: (//a[@class='a-link-normal s-no-outline'])[5]
13:38:55 | INFO | AmazonBookPage:28                        | Get book info, element --> By.xpath: //h1[@id='title'] | //span[@id='productTitle']
13:38:55 | INFO | AmazonBookPage:28                        | Get book info, element --> By.xpath: //div[@id='bylineInfo']
13:38:55 | INFO | AmazonBookPage:28                        | Get book info, element --> By.xpath: //span[@class='a-size-base a-color-secondary' or @class='a-size-base a-color-price a-color-price']
13:38:55 | INFO | AmazonBookPage:28                        | Get book info, element --> By.xpath: //div[@id='centerCol' or @class='a-fixed-right-grid-col a-col-left']
13:38:56 | INFO | AmazonBookList:28                        | Check every product stats, elements --> By.xpath: (//a[@class='a-link-normal s-no-outline'])[6]
13:38:56 | INFO | AmazonBookList:28                        | Check every product stats, element --> By.xpath: (//a[@class='a-link-normal s-no-outline'])[6]
13:38:59 | INFO | AmazonBookPage:28                        | Get book info, element --> By.xpath: //h1[@id='title'] | //span[@id='productTitle']
13:38:59 | INFO | AmazonBookPage:28                        | Get book info, element --> By.xpath: //div[@id='bylineInfo']
13:38:59 | INFO | AmazonBookPage:28                        | Get book info, element --> By.xpath: //span[@class='a-size-base a-color-secondary' or @class='a-size-base a-color-price a-color-price']
13:38:59 | INFO | AmazonBookPage:28                        | Get book info, element --> By.xpath: //div[@id='centerCol' or @class='a-fixed-right-grid-col a-col-left']
13:39:00 | INFO | AmazonBookList:28                        | Check every product stats, elements --> By.xpath: (//a[@class='a-link-normal s-no-outline'])[7]
13:39:00 | INFO | AmazonBookList:28                        | Check every product stats, element --> By.xpath: (//a[@class='a-link-normal s-no-outline'])[7]
13:39:02 | INFO | AmazonBookPage:28                        | Get book info, element --> By.xpath: //h1[@id='title'] | //span[@id='productTitle']
13:39:02 | INFO | AmazonBookPage:28                        | Get book info, element --> By.xpath: //div[@id='bylineInfo']
13:39:02 | INFO | AmazonBookPage:28                        | Get book info, element --> By.xpath: //span[@class='a-size-base a-color-secondary' or @class='a-size-base a-color-price a-color-price']
13:39:02 | INFO | AmazonBookPage:28                        | Get book info, element --> By.xpath: //div[@id='centerCol' or @class='a-fixed-right-grid-col a-col-left']
13:39:03 | INFO | AmazonBookList:28                        | Check every product stats, elements --> By.xpath: (//a[@class='a-link-normal s-no-outline'])[8]
13:39:03 | INFO | AmazonBookList:28                        | Check every product stats, element --> By.xpath: (//a[@class='a-link-normal s-no-outline'])[8]
13:39:06 | INFO | AmazonBookPage:28                        | Get book info, element --> By.xpath: //h1[@id='title'] | //span[@id='productTitle']
13:39:06 | INFO | AmazonBookPage:28                        | Get book info, element --> By.xpath: //div[@id='bylineInfo']
13:39:06 | INFO | AmazonBookPage:28                        | Get book info, element --> By.xpath: //span[@class='a-size-base a-color-secondary' or @class='a-size-base a-color-price a-color-price']
13:39:06 | INFO | AmazonBookPage:28                        | Get book info, element --> By.xpath: //div[@id='centerCol' or @class='a-fixed-right-grid-col a-col-left']
13:39:07 | INFO | AmazonBookList:28                        | Check every product stats, elements --> By.xpath: (//a[@class='a-link-normal s-no-outline'])[9]
13:39:07 | INFO | AmazonBookList:28                        | Check every product stats, element --> By.xpath: (//a[@class='a-link-normal s-no-outline'])[9]
13:39:10 | INFO | AmazonBookPage:28                        | Get book info, element --> By.xpath: //h1[@id='title'] | //span[@id='productTitle']
13:39:10 | INFO | AmazonBookPage:28                        | Get book info, element --> By.xpath: //div[@id='bylineInfo']
13:39:10 | INFO | AmazonBookPage:28                        | Get book info, element --> By.xpath: //span[@class='a-size-base a-color-secondary' or @class='a-size-base a-color-price a-color-price']
13:39:10 | INFO | AmazonBookPage:28                        | Get book info, element --> By.xpath: //div[@id='centerCol' or @class='a-fixed-right-grid-col a-col-left']
13:39:11 | INFO | AmazonBookList:28                        | Check every product stats, elements --> By.xpath: (//a[@class='a-link-normal s-no-outline'])[10]
13:39:11 | INFO | AmazonBookList:28                        | Check every product stats, element --> By.xpath: (//a[@class='a-link-normal s-no-outline'])[10]
13:39:14 | INFO | AmazonBookPage:28                        | Get book info, element --> By.xpath: //h1[@id='title'] | //span[@id='productTitle']
13:39:14 | INFO | AmazonBookPage:28                        | Get book info, element --> By.xpath: //div[@id='bylineInfo']
13:39:14 | INFO | AmazonBookPage:28                        | Get book info, element --> By.xpath: //span[@class='a-size-base a-color-secondary' or @class='a-size-base a-color-price a-color-price']
13:39:14 | INFO | AmazonBookPage:28                        | Get book info, element --> By.xpath: //div[@id='centerCol' or @class='a-fixed-right-grid-col a-col-left']
13:39:15 | INFO | AmazonBookList:28                        | Check every product stats, elements --> By.xpath: (//a[@class='a-link-normal s-no-outline'])[11]
13:39:15 | INFO | AmazonBookList:28                        | Check every product stats, element --> By.xpath: (//a[@class='a-link-normal s-no-outline'])[11]
13:39:17 | INFO | AmazonBookPage:28                        | Get book info, element --> By.xpath: //h1[@id='title'] | //span[@id='productTitle']
13:39:17 | INFO | AmazonBookPage:28                        | Get book info, element --> By.xpath: //div[@id='bylineInfo']
13:39:17 | INFO | AmazonBookPage:28                        | Get book info, element --> By.xpath: //span[@class='a-size-base a-color-secondary' or @class='a-size-base a-color-price a-color-price']
13:39:17 | INFO | AmazonBookPage:28                        | Get book info, element --> By.xpath: //div[@id='centerCol' or @class='a-fixed-right-grid-col a-col-left']
13:39:18 | INFO | AmazonBookList:28                        | Check every product stats, elements --> By.xpath: (//a[@class='a-link-normal s-no-outline'])[12]
13:39:18 | INFO | AmazonBookList:28                        | Check every product stats, element --> By.xpath: (//a[@class='a-link-normal s-no-outline'])[12]
13:39:21 | INFO | AmazonBookPage:28                        | Get book info, element --> By.xpath: //h1[@id='title'] | //span[@id='productTitle']
13:39:21 | INFO | AmazonBookPage:28                        | Get book info, element --> By.xpath: //div[@id='bylineInfo']
13:39:21 | INFO | AmazonBookPage:28                        | Get book info, element --> By.xpath: //span[@class='a-size-base a-color-secondary' or @class='a-size-base a-color-price a-color-price']
13:39:21 | INFO | AmazonBookPage:28                        | Get book info, element --> By.xpath: //div[@id='centerCol' or @class='a-fixed-right-grid-col a-col-left']
13:39:22 | INFO | AmazonBookList:28                        | Check every product stats, elements --> By.xpath: (//a[@class='a-link-normal s-no-outline'])[13]
13:39:22 | INFO | AmazonBookList:28                        | Check every product stats, element --> By.xpath: (//a[@class='a-link-normal s-no-outline'])[13]
13:39:25 | INFO | AmazonBookPage:28                        | Get book info, element --> By.xpath: //h1[@id='title'] | //span[@id='productTitle']
13:39:25 | INFO | AmazonBookPage:28                        | Get book info, element --> By.xpath: //div[@id='bylineInfo']
13:39:25 | INFO | AmazonBookPage:28                        | Get book info, element --> By.xpath: //span[@class='a-size-base a-color-secondary' or @class='a-size-base a-color-price a-color-price']
13:39:25 | INFO | AmazonBookPage:28                        | Get book info, element --> By.xpath: //div[@id='centerCol' or @class='a-fixed-right-grid-col a-col-left']
13:39:26 | INFO | AmazonBookList:28                        | Check every product stats, elements --> By.xpath: (//a[@class='a-link-normal s-no-outline'])[14]
13:39:26 | INFO | AmazonBookList:28                        | Check every product stats, element --> By.xpath: (//a[@class='a-link-normal s-no-outline'])[14]
13:39:29 | INFO | AmazonBookPage:28                        | Get book info, element --> By.xpath: //h1[@id='title'] | //span[@id='productTitle']
13:39:29 | INFO | AmazonBookPage:28                        | Get book info, element --> By.xpath: //div[@id='bylineInfo']
13:39:29 | INFO | AmazonBookPage:28                        | Get book info, element --> By.xpath: //span[@class='a-size-base a-color-secondary' or @class='a-size-base a-color-price a-color-price']
13:39:29 | INFO | AmazonBookPage:28                        | Get book info, element --> By.xpath: //div[@id='centerCol' or @class='a-fixed-right-grid-col a-col-left']
13:39:30 | INFO | AmazonBookList:28                        | Check every product stats, elements --> By.xpath: (//a[@class='a-link-normal s-no-outline'])[15]
13:39:30 | INFO | AmazonBookList:28                        | Check every product stats, element --> By.xpath: (//a[@class='a-link-normal s-no-outline'])[15]
13:39:33 | INFO | AmazonBookPage:28                        | Get book info, element --> By.xpath: //h1[@id='title'] | //span[@id='productTitle']
13:39:33 | INFO | AmazonBookPage:28                        | Get book info, element --> By.xpath: //div[@id='bylineInfo']
13:39:33 | INFO | AmazonBookPage:28                        | Get book info, element --> By.xpath: //span[@class='a-size-base a-color-secondary' or @class='a-size-base a-color-price a-color-price']
13:39:33 | INFO | AmazonBookPage:28                        | Get book info, element --> By.xpath: //div[@id='centerCol' or @class='a-fixed-right-grid-col a-col-left']
13:39:34 | INFO | AmazonBookList:28                        | Check every product stats, elements --> By.xpath: (//a[@class='a-link-normal s-no-outline'])[16]
13:39:34 | INFO | AmazonBookList:28                        | Check every product stats, element --> By.xpath: (//a[@class='a-link-normal s-no-outline'])[16]
13:39:36 | INFO | AmazonBookPage:28                        | Get book info, element --> By.xpath: //h1[@id='title'] | //span[@id='productTitle']
13:39:36 | INFO | AmazonBookPage:28                        | Get book info, element --> By.xpath: //div[@id='bylineInfo']
13:39:36 | INFO | AmazonBookPage:28                        | Get book info, element --> By.xpath: //span[@class='a-size-base a-color-secondary' or @class='a-size-base a-color-price a-color-price']
13:39:36 | INFO | AmazonBookPage:28                        | Get book info, element --> By.xpath: //div[@id='centerCol' or @class='a-fixed-right-grid-col a-col-left']
13:39:37 | INFO | SelenideTools:92                         | Open url in new window
13:39:42 | INFO | AmazonBookPage:28                        | Get book info, element --> By.xpath: //h1[@id='title'] | //span[@id='productTitle']
13:39:42 | INFO | AmazonBookPage:28                        | Get book info, element --> By.xpath: //div[@id='bylineInfo']
13:39:42 | INFO | AmazonBookPage:28                        | Get book info, element --> By.xpath: //span[@class='a-size-base a-color-secondary' or @class='a-size-base a-color-price a-color-price']
13:39:42 | INFO | AmazonBookPage:28                        | Get book info, element --> By.xpath: //div[@id='centerCol' or @class='a-fixed-right-grid-col a-col-left']
13:39:42 | INFO | TestListener:23                          | PASSED test: bookInTheListVerification
13:39:42 | INFO | CloseDriverCommand:30                    | Close webdriver: 1 -> ChromeDriver: chrome on MAC (ec25d7d874fb915911b9e8074f77aa45)...
13:39:42 | INFO | CloseDriverCommand:32                    | Closed webdriver 1 in 194 ms
13:39:42 | INFO | ComparingAGivenBookWithTheFirstPageInAmazon:28 | Web driver closed!
13:39:42 | INFO | CloseDriverCommand:30                    | Close webdriver: 40 -> ChromeDriver: chrome on MAC (null)...
13:39:42 | INFO | CloseDriverCommand:32                    | Closed webdriver 40 in 0 ms
13:39:42 | INFO | FileHelper:81                            | Deleted empty folder: /Users/max_horokhov/Desktop/Projects/Archive/build/downloads/1692009510278_21570_1
